{"at":"2025-09-18T15:55:15.610Z","docId":"cb3b6a48-f491-4ac4-87dc-2cd0b762e952","action":"classify","by":"admin"}
{"at":"2025-09-18T15:55:15.623Z","docId":"92d5fbd0-c96a-449d-9220-8b7b2420f914","action":"classify","by":"admin"}
{"at":"2025-09-18T15:55:15.636Z","docId":"08f8e938-723e-450e-afcd-302410f8f05d","action":"classify","by":"admin"}
{"at":"2025-09-18T15:55:15.648Z","docId":"cdd7af69-cd9d-4adb-a793-d6d9eece6dab","action":"classify","by":"admin"}
{"at":"2025-09-18T15:55:30.115Z","docId":"31e5f109-a922-41d2-9b7a-4b1c8245604c","action":"classify","by":"admin"}
{"at":"2025-09-18T15:55:30.126Z","docId":"de43e0b7-5341-40db-a88c-aac521be590e","action":"classify","by":"admin"}
{"at":"2025-09-18T15:55:30.137Z","docId":"798f2b91-dc8d-4670-a726-efc8fa9d1e93","action":"classify","by":"admin"}
{"at":"2025-09-18T15:55:30.148Z","docId":"cb3b6a48-f491-4ac4-87dc-2cd0b762e952","action":"classify","by":"admin"}
{"at":"2025-09-18T15:55:30.160Z","docId":"92d5fbd0-c96a-449d-9220-8b7b2420f914","action":"classify","by":"admin"}
{"at":"2025-09-18T15:55:30.172Z","docId":"08f8e938-723e-450e-afcd-302410f8f05d","action":"classify","by":"admin"}
{"at":"2025-09-18T15:55:30.183Z","docId":"cdd7af69-cd9d-4adb-a793-d6d9eece6dab","action":"classify","by":"admin"}
{"at":"2025-09-18T15:55:31.872Z","docId":"31e5f109-a922-41d2-9b7a-4b1c8245604c","action":"auto_route","from":"inbox","to":"processed","by":"admin","threshold":0.7}
{"at":"2025-09-18T15:55:31.891Z","docId":"798f2b91-dc8d-4670-a726-efc8fa9d1e93","action":"auto_route","from":"inbox","to":"processed","by":"admin","threshold":0.7}
{"at":"2025-09-18T15:55:31.917Z","docId":"08f8e938-723e-450e-afcd-302410f8f05d","action":"auto_route","from":"inbox","to":"processed","by":"admin","threshold":0.7}
{"at":"2025-09-18T15:55:31.927Z","docId":"cdd7af69-cd9d-4adb-a793-d6d9eece6dab","action":"auto_route","from":"inbox","to":"processed","by":"admin","threshold":0.7}
{"at":"2025-09-18T15:55:49.764Z","docId":"cb3b6a48-f491-4ac4-87dc-2cd0b762e952","action":"corrections","by":"admin"}
{"at":"2025-09-18T15:55:54.969Z","docId":"cb3b6a48-f491-4ac4-87dc-2cd0b762e952","action":"classify","by":"admin"}
{"at":"2025-09-18T15:55:57.462Z","docId":"cb3b6a48-f491-4ac4-87dc-2cd0b762e952","action":"classify","by":"admin"}
{"at":"2025-09-18T15:55:58.438Z","docId":"cb3b6a48-f491-4ac4-87dc-2cd0b762e952","action":"classify","by":"admin"}
{"at":"2025-09-18T15:55:59.359Z","docId":"cb3b6a48-f491-4ac4-87dc-2cd0b762e952","action":"classify","by":"admin"}
{"at":"2025-09-18T15:56:00.680Z","docId":"cb3b6a48-f491-4ac4-87dc-2cd0b762e952","action":"classify","by":"admin"}
{"at":"2025-09-18T15:56:04.109Z","docId":"cb3b6a48-f491-4ac4-87dc-2cd0b762e952","action":"classify","by":"admin"}
{"at":"2025-09-18T15:56:05.294Z","docId":"cb3b6a48-f491-4ac4-87dc-2cd0b762e952","action":"classify","by":"admin"}
{"at":"2025-09-18T15:56:06.064Z","docId":"cb3b6a48-f491-4ac4-87dc-2cd0b762e952","action":"classify","by":"admin"}
{"at":"2025-09-18T15:56:09.427Z","docId":"cb3b6a48-f491-4ac4-87dc-2cd0b762e952","action":"corrections","by":"admin"}
{"at":"2025-09-18T15:56:11.355Z","docId":"cb3b6a48-f491-4ac4-87dc-2cd0b762e952","action":"classify","by":"admin"}
{"at":"2025-09-18T15:56:19.218Z","docId":"cb3b6a48-f491-4ac4-87dc-2cd0b762e952","action":"classify","by":"admin"}
{"at":"2025-09-18T15:56:20.142Z","docId":"cb3b6a48-f491-4ac4-87dc-2cd0b762e952","action":"classify","by":"admin"}
{"at":"2025-09-18T15:57:24.482Z","docId":"573a279b-0155-42e5-b699-69bd74a77743","action":"classify","by":"admin"}
{"at":"2025-09-18T15:57:24.492Z","docId":"029ec34c-8323-4e0d-bff9-4edc087db23f","action":"classify","by":"admin"}
{"at":"2025-09-18T15:57:24.502Z","docId":"f982d092-66f7-4fe6-95eb-b153321c07a2","action":"classify","by":"admin"}
{"at":"2025-09-18T15:57:24.513Z","docId":"456f06a7-cfa0-44af-a2a6-8bb214c3fba6","action":"classify","by":"admin"}
{"at":"2025-09-18T15:57:24.523Z","docId":"857ea2aa-4f75-41aa-8802-7f7b9e98ce50","action":"classify","by":"admin"}
{"at":"2025-09-18T15:57:24.534Z","docId":"f6e0dc61-6625-412e-8518-95b59e2fc78e","action":"classify","by":"admin"}
{"at":"2025-09-18T15:57:24.544Z","docId":"d3f923a5-b2ef-4f1b-b990-5df6f9062f13","action":"classify","by":"admin"}
{"at":"2025-09-18T15:57:24.554Z","docId":"686cb184-849f-4d35-9a6a-133093b96dde","action":"classify","by":"admin"}
{"at":"2025-09-18T15:57:24.564Z","docId":"9c09f864-df16-4b8c-ac42-b25b6bf33f7f","action":"classify","by":"admin"}
{"at":"2025-09-18T15:57:24.574Z","docId":"af60ab8a-a72d-4ade-9073-e299a7ee84a5","action":"classify","by":"admin"}
{"at":"2025-09-18T15:57:24.584Z","docId":"d15fc7d4-f6bc-4acd-af51-348129e21e72","action":"classify","by":"admin"}
{"at":"2025-09-18T15:57:24.594Z","docId":"a01339e8-3376-4c4c-a1d7-efbb0e78b0ba","action":"classify","by":"admin"}
{"at":"2025-09-18T15:57:24.605Z","docId":"1779020b-d5c9-4494-a21a-0fcc0f52ef40","action":"classify","by":"admin"}
{"at":"2025-09-18T15:57:33.165Z","docId":"029ec34c-8323-4e0d-bff9-4edc087db23f","action":"auto_route","from":"inbox","to":"processed","by":"admin","threshold":0.7}
{"at":"2025-09-18T15:57:38.386Z","docId":"bdfdc359-b3cd-46c3-9ff6-6fcc5a233503","action":"classify","by":"admin"}
{"at":"2025-09-18T15:57:38.400Z","docId":"296b57d3-626c-4f54-9cce-46466172a56b","action":"classify","by":"admin"}
{"at":"2025-09-18T15:57:38.411Z","docId":"573a279b-0155-42e5-b699-69bd74a77743","action":"classify","by":"admin"}
{"at":"2025-09-18T15:57:38.424Z","docId":"f982d092-66f7-4fe6-95eb-b153321c07a2","action":"classify","by":"admin"}
{"at":"2025-09-18T15:57:38.435Z","docId":"456f06a7-cfa0-44af-a2a6-8bb214c3fba6","action":"classify","by":"admin"}
{"at":"2025-09-18T15:57:38.446Z","docId":"857ea2aa-4f75-41aa-8802-7f7b9e98ce50","action":"classify","by":"admin"}
{"at":"2025-09-18T15:57:38.457Z","docId":"f6e0dc61-6625-412e-8518-95b59e2fc78e","action":"classify","by":"admin"}
{"at":"2025-09-18T15:57:38.469Z","docId":"d3f923a5-b2ef-4f1b-b990-5df6f9062f13","action":"classify","by":"admin"}
{"at":"2025-09-18T15:57:38.480Z","docId":"686cb184-849f-4d35-9a6a-133093b96dde","action":"classify","by":"admin"}
{"at":"2025-09-18T15:57:38.491Z","docId":"9c09f864-df16-4b8c-ac42-b25b6bf33f7f","action":"classify","by":"admin"}
{"at":"2025-09-18T15:57:38.502Z","docId":"af60ab8a-a72d-4ade-9073-e299a7ee84a5","action":"classify","by":"admin"}
{"at":"2025-09-18T15:57:38.514Z","docId":"d15fc7d4-f6bc-4acd-af51-348129e21e72","action":"classify","by":"admin"}
{"at":"2025-09-18T15:57:38.525Z","docId":"a01339e8-3376-4c4c-a1d7-efbb0e78b0ba","action":"classify","by":"admin"}
{"at":"2025-09-18T15:57:38.535Z","docId":"1779020b-d5c9-4494-a21a-0fcc0f52ef40","action":"classify","by":"admin"}
{"at":"2025-09-18T15:57:56.962Z","docId":"bdfdc359-b3cd-46c3-9ff6-6fcc5a233503","action":"corrections","by":"admin"}
{"at":"2025-09-18T17:23:02.981Z","docId":"82bcf0d1-1b6b-4e24-a8d3-981dc4cca1f2","action":"classify","by":"admin"}
{"at":"2025-09-18T17:23:02.995Z","docId":"bf480df0-b5f7-469d-9ede-4eadb0d5563c","action":"classify","by":"admin"}
{"at":"2025-09-18T17:23:03.013Z","docId":"c9ee447d-af8b-43a1-9a5a-bd2047425b7d","action":"classify","by":"admin"}
{"at":"2025-09-18T17:23:03.027Z","docId":"b3fcf429-0950-49f2-80c9-4a9e1f358536","action":"classify","by":"admin"}
{"at":"2025-09-18T17:23:20.225Z","docId":"c9ee447d-af8b-43a1-9a5a-bd2047425b7d","action":"auto_route","from":"inbox","to":"processed","by":"admin","threshold":0.7}
{"at":"2025-09-18T17:23:30.964Z","docId":"e1ced655-3b41-43a5-97e8-0e9dd43c1fd6","action":"classify","by":"admin"}
{"at":"2025-09-18T17:23:30.983Z","docId":"160bf031-338a-49aa-98ea-6ee875e2178e","action":"classify","by":"admin"}
{"at":"2025-09-18T17:23:30.996Z","docId":"b842ec08-7f08-41a9-b87c-074e6927a6b4","action":"classify","by":"admin"}
{"at":"2025-09-18T17:23:31.009Z","docId":"13e9a5de-cf42-44a4-a66d-f479d3cd1bfa","action":"classify","by":"admin"}
{"at":"2025-09-18T17:23:31.031Z","docId":"276c2267-0bbe-4a7d-8e8e-17378b4230e3","action":"classify","by":"admin"}
{"at":"2025-09-18T17:23:31.044Z","docId":"7a78de2b-4e23-4973-abaf-a0048a332fd6","action":"classify","by":"admin"}
{"at":"2025-09-18T17:23:33.697Z","docId":"276c2267-0bbe-4a7d-8e8e-17378b4230e3","action":"auto_route","from":"inbox","to":"processed","by":"admin","threshold":0.7}
{"at":"2025-09-18T18:27:35.856Z","docId":"25811bc9-1c15-4aa8-9f74-caf73742d3cf","action":"classify","by":"admin"}
{"at":"2025-09-18T18:27:35.868Z","docId":"c187280a-e25f-4893-a38d-ae8d02ad08a6","action":"classify","by":"admin"}
{"at":"2025-09-18T18:27:35.880Z","docId":"5989f1c7-996f-475c-a88c-486a61783c06","action":"classify","by":"admin"}
{"at":"2025-09-18T18:27:35.892Z","docId":"aeb7508a-46c6-479b-9927-cf1789913f2f","action":"classify","by":"admin"}
{"at":"2025-09-18T18:27:35.905Z","docId":"ed9da7c1-6612-468b-ac45-1879038d7a5a","action":"classify","by":"admin"}
{"at":"2025-09-18T18:27:35.917Z","docId":"cd8fb96f-893c-49b3-9063-539db8096359","action":"classify","by":"admin"}
{"at":"2025-09-18T18:27:35.929Z","docId":"280af579-4c2d-4b7f-911d-0d77e33f674d","action":"classify","by":"admin"}
{"at":"2025-09-18T18:27:35.940Z","docId":"cd3bf448-0fd0-44bb-9997-3c5ed515c554","action":"classify","by":"admin"}
{"at":"2025-09-18T18:27:35.956Z","docId":"52eb321c-8743-4fa9-8008-37f1cebe1431","action":"classify","by":"admin"}
{"at":"2025-09-18T18:27:35.968Z","docId":"6843e645-01fe-4a11-b7fa-6625bb86c8a0","action":"classify","by":"admin"}
{"at":"2025-09-18T18:27:35.979Z","docId":"0cfc8838-3338-4694-aa7d-6564e82876d3","action":"classify","by":"admin"}
{"at":"2025-09-18T18:27:35.990Z","docId":"78ee7051-aa72-4089-93a8-c540e0c2d941","action":"classify","by":"admin"}
{"at":"2025-09-18T18:27:36.000Z","docId":"15c956a0-bba7-4cbe-9770-be3774f0b4c0","action":"classify","by":"admin"}
{"at":"2025-09-18T18:27:36.011Z","docId":"fe9e31bd-94fb-4858-b82e-12fb11054b1b","action":"classify","by":"admin"}
{"at":"2025-09-18T18:27:36.022Z","docId":"6c81e66f-c6ad-4a4b-80c3-bdc544858c75","action":"classify","by":"admin"}
{"at":"2025-09-18T18:27:36.032Z","docId":"1b16aaf9-82af-416e-85b9-f5def223c13f","action":"classify","by":"admin"}
{"at":"2025-09-18T18:27:36.043Z","docId":"5c7854e6-5f37-44b1-9750-eceaadc0548d","action":"classify","by":"admin"}
{"at":"2025-09-18T18:27:36.057Z","docId":"8250d2fa-afd5-4d38-89d6-74220bc7bd77","action":"classify","by":"admin"}
{"at":"2025-09-18T18:27:36.067Z","docId":"0cbdf6cc-2f32-4bf4-9f78-0f57f8209715","action":"classify","by":"admin"}
{"at":"2025-09-18T18:27:36.077Z","docId":"e1294ccf-9cd0-4a39-9c46-2196389edd24","action":"classify","by":"admin"}
{"at":"2025-09-18T18:27:36.087Z","docId":"21635162-cfa7-4a35-891e-f64217e8d9f7","action":"classify","by":"admin"}
{"at":"2025-09-18T18:27:36.096Z","docId":"bea4a43f-4d68-4cfa-ad1f-9c56be4f0d0c","action":"classify","by":"admin"}
{"at":"2025-09-18T18:27:36.105Z","docId":"328a345f-12e2-4ce5-9c8d-75477735ec7b","action":"classify","by":"admin"}
{"at":"2025-09-18T18:27:36.114Z","docId":"285c67b1-ac4f-4260-a670-c2009a82e7ea","action":"classify","by":"admin"}
{"at":"2025-09-18T18:27:36.123Z","docId":"2002171f-430f-494a-b9d3-dd64bd24019d","action":"classify","by":"admin"}
{"at":"2025-09-18T18:27:38.080Z","docId":"c187280a-e25f-4893-a38d-ae8d02ad08a6","action":"auto_route","from":"inbox","to":"processed","by":"admin","threshold":0.7}
{"at":"2025-09-18T18:27:38.103Z","docId":"ed9da7c1-6612-468b-ac45-1879038d7a5a","action":"auto_route","from":"inbox","to":"processed","by":"admin","threshold":0.7}
{"at":"2025-09-18T18:27:38.112Z","docId":"cd8fb96f-893c-49b3-9063-539db8096359","action":"auto_route","from":"inbox","to":"processed","by":"admin","threshold":0.7}
{"at":"2025-09-18T18:27:38.120Z","docId":"280af579-4c2d-4b7f-911d-0d77e33f674d","action":"auto_route","from":"inbox","to":"processed","by":"admin","threshold":0.7}
{"at":"2025-09-18T18:27:38.144Z","docId":"6843e645-01fe-4a11-b7fa-6625bb86c8a0","action":"auto_route","from":"inbox","to":"processed","by":"admin","threshold":0.7}
{"at":"2025-09-18T18:27:38.176Z","docId":"fe9e31bd-94fb-4858-b82e-12fb11054b1b","action":"auto_route","from":"inbox","to":"processed","by":"admin","threshold":0.7}
{"at":"2025-09-18T18:27:38.185Z","docId":"6c81e66f-c6ad-4a4b-80c3-bdc544858c75","action":"auto_route","from":"inbox","to":"processed","by":"admin","threshold":0.7}
{"at":"2025-09-18T18:27:38.225Z","docId":"e1294ccf-9cd0-4a39-9c46-2196389edd24","action":"auto_route","from":"inbox","to":"processed","by":"admin","threshold":0.7}
{"at":"2025-09-18T18:27:50.840Z","docId":"25811bc9-1c15-4aa8-9f74-caf73742d3cf","action":"classify","by":"admin"}
{"at":"2025-09-18T18:27:51.511Z","docId":"25811bc9-1c15-4aa8-9f74-caf73742d3cf","action":"classify","by":"admin"}
{"at":"2025-09-18T18:27:52.920Z","docId":"25811bc9-1c15-4aa8-9f74-caf73742d3cf","action":"classify","by":"admin"}
{"at":"2025-09-18T18:27:53.687Z","docId":"25811bc9-1c15-4aa8-9f74-caf73742d3cf","action":"classify","by":"admin"}
{"at":"2025-09-18T18:27:54.375Z","docId":"25811bc9-1c15-4aa8-9f74-caf73742d3cf","action":"classify","by":"admin"}
{"at":"2025-09-18T18:27:55.015Z","docId":"25811bc9-1c15-4aa8-9f74-caf73742d3cf","action":"classify","by":"admin"}
{"at":"2025-09-18T18:27:55.800Z","docId":"25811bc9-1c15-4aa8-9f74-caf73742d3cf","action":"classify","by":"admin"}
{"at":"2025-09-18T18:28:04.662Z","docId":"25811bc9-1c15-4aa8-9f74-caf73742d3cf","action":"corrections","by":"admin"}
{"at":"2025-09-18T18:28:07.210Z","docId":"25811bc9-1c15-4aa8-9f74-caf73742d3cf","action":"classify","by":"admin"}
{"at":"2025-09-18T18:28:11.413Z","docId":"25811bc9-1c15-4aa8-9f74-caf73742d3cf","action":"classify","by":"admin"}
{"at":"2025-09-18T18:28:12.079Z","docId":"25811bc9-1c15-4aa8-9f74-caf73742d3cf","action":"classify","by":"admin"}
{"at":"2025-09-18T18:28:14.184Z","docId":"25811bc9-1c15-4aa8-9f74-caf73742d3cf","action":"route","from":"review","to":"processed","by":"admin"}
{"at":"2025-09-18T18:41:25.902Z","docId":"e265e289-076d-461e-9789-1be919c8b47a","action":"classify","by":"admin"}
{"at":"2025-09-18T18:41:25.914Z","docId":"1c91f3dc-4e97-4d74-ace9-954780523743","action":"classify","by":"admin"}
{"at":"2025-09-18T18:41:30.396Z","docId":"1c91f3dc-4e97-4d74-ace9-954780523743","action":"route","from":"inbox","to":"processed","by":"admin"}
{"at":"2025-09-18T18:41:34.488Z","docId":"c395d230-59c2-476e-80ed-3914a34eee4a","action":"classify","by":"admin"}
{"at":"2025-09-18T18:41:34.499Z","docId":"e265e289-076d-461e-9789-1be919c8b47a","action":"classify","by":"admin"}
{"at":"2025-09-18T18:41:36.348Z","docId":"c395d230-59c2-476e-80ed-3914a34eee4a","action":"classify","by":"admin"}
{"at":"2025-09-18T18:41:36.359Z","docId":"e265e289-076d-461e-9789-1be919c8b47a","action":"classify","by":"admin"}
{"at":"2025-09-18T18:41:38.365Z","docId":"7f7f0765-5e0f-4cfa-84b5-b2582883bb8d","action":"classify","by":"admin"}
{"at":"2025-09-18T18:41:38.374Z","docId":"c395d230-59c2-476e-80ed-3914a34eee4a","action":"classify","by":"admin"}
{"at":"2025-09-18T18:41:38.385Z","docId":"e265e289-076d-461e-9789-1be919c8b47a","action":"classify","by":"admin"}
{"at":"2025-09-18T18:41:39.812Z","docId":"e265e289-076d-461e-9789-1be919c8b47a","action":"auto_route","from":"inbox","to":"processed","by":"admin","threshold":0.7}
{"at":"2025-09-18T18:41:44.899Z","docId":"7f7f0765-5e0f-4cfa-84b5-b2582883bb8d","action":"route","from":"review","to":"processed","by":"admin"}
{"at":"2025-09-18T18:41:47.610Z","docId":"c395d230-59c2-476e-80ed-3914a34eee4a","action":"route","from":"review","to":"processed","by":"admin"}
{"at":"2025-09-18T18:41:55.415Z","docId":"b7b8ab44-6c7f-4ea5-9eac-1099677d6e20","action":"classify","by":"admin"}
{"at":"2025-09-18T18:41:55.426Z","docId":"46e72a59-2571-458a-ab99-4f329a354ad6","action":"classify","by":"admin"}
{"at":"2025-09-18T18:41:55.435Z","docId":"f7820ebd-d549-46a4-903a-9e1e48ef2c10","action":"classify","by":"admin"}
{"at":"2025-09-18T18:41:55.447Z","docId":"a04299d5-5949-4f60-88e5-a10f9820de25","action":"classify","by":"admin"}
{"at":"2025-09-18T18:41:58.099Z","docId":"f7820ebd-d549-46a4-903a-9e1e48ef2c10","action":"auto_route","from":"inbox","to":"processed","by":"admin","threshold":0.7}
{"at":"2025-09-18T18:42:05.088Z","docId":"e7089a3f-9758-43d4-a061-cbb6be2b677d","action":"classify","by":"admin"}
{"at":"2025-09-18T18:42:19.787Z","docId":"deed8551-c877-4673-8b11-2e4648274a27","action":"route","from":"inbox","to":"processed","by":"admin"}
{"at":"2025-09-18T18:42:32.004Z","docId":"312ad2e9-fab6-4742-a3aa-c034412fdaed","action":"route","from":"inbox","to":"processed","by":"admin"}
{"at":"2025-09-18T18:42:35.228Z","docId":"57f89df5-41be-497d-bcaf-f15c3f3d294d","action":"route","from":"inbox","to":"processed","by":"admin"}
{"at":"2025-09-18T18:42:35.997Z","docId":"201c676a-6683-4948-95bd-920e510135a8","action":"route","from":"inbox","to":"processed","by":"admin"}
{"at":"2025-09-18T18:42:36.596Z","docId":"6c7e75b5-0232-4c64-8633-7da795acf122","action":"route","from":"inbox","to":"processed","by":"admin"}
{"at":"2025-09-18T18:42:39.835Z","docId":"2b341e42-ffcf-4c48-9912-7b696b1b03e4","action":"route","from":"inbox","to":"processed","by":"admin"}
{"at":"2025-09-18T18:42:43.124Z","docId":"886c03fb-b6ae-4ea8-a5d8-123289c400e3","action":"route","from":"inbox","to":"processed","by":"admin"}
{"at":"2025-09-18T18:42:49.044Z","docId":"3d056904-dcfd-4fc6-bf42-a183a8e799fe","action":"upload","by":"admin"}
{"at":"2025-09-18T19:14:02.620Z","docId":"85b6beb5-7158-4b63-a57a-7f27cca60932","action":"corrections","by":"admin"}
{"at":"2025-09-18T19:14:16.435Z","docId":"a90238bf-b280-4924-9569-b0edd045dd46","action":"classify","by":"admin"}
{"at":"2025-09-18T19:14:16.448Z","docId":"b6887484-2daf-4226-b016-8ba09f940a76","action":"classify","by":"admin"}
{"at":"2025-09-18T19:14:16.460Z","docId":"23378519-95c9-4caa-a450-d50026b19794","action":"classify","by":"admin"}
{"at":"2025-09-18T19:14:16.473Z","docId":"04199ee0-960b-4f00-b7db-068c429292b8","action":"classify","by":"admin"}
{"at":"2025-09-18T19:14:16.487Z","docId":"8a63f97e-5f6d-4aa1-a71d-a5e48e334119","action":"classify","by":"admin"}
{"at":"2025-09-18T19:14:16.499Z","docId":"72adfc50-6066-42d9-9583-bc052a483e7e","action":"classify","by":"admin"}
{"at":"2025-09-18T19:14:16.512Z","docId":"85b6beb5-7158-4b63-a57a-7f27cca60932","action":"classify","by":"admin"}
{"at":"2025-09-18T19:15:16.820Z","docId":"a90238bf-b280-4924-9569-b0edd045dd46","action":"classify","by":"admin"}
{"at":"2025-09-18T19:15:16.839Z","docId":"b6887484-2daf-4226-b016-8ba09f940a76","action":"classify","by":"admin"}
{"at":"2025-09-18T19:15:16.852Z","docId":"23378519-95c9-4caa-a450-d50026b19794","action":"classify","by":"admin"}
{"at":"2025-09-18T19:15:16.865Z","docId":"04199ee0-960b-4f00-b7db-068c429292b8","action":"classify","by":"admin"}
{"at":"2025-09-18T19:15:16.894Z","docId":"8a63f97e-5f6d-4aa1-a71d-a5e48e334119","action":"classify","by":"admin"}
{"at":"2025-09-18T19:15:16.909Z","docId":"72adfc50-6066-42d9-9583-bc052a483e7e","action":"classify","by":"admin"}
{"at":"2025-09-18T19:15:16.920Z","docId":"85b6beb5-7158-4b63-a57a-7f27cca60932","action":"classify","by":"admin"}
{"at":"2025-09-18T19:15:18.448Z","docId":"b6887484-2daf-4226-b016-8ba09f940a76","action":"auto_route","from":"inbox","to":"processed","by":"admin","threshold":0.7}
{"at":"2025-09-18T19:15:18.474Z","docId":"8a63f97e-5f6d-4aa1-a71d-a5e48e334119","action":"auto_route","from":"inbox","to":"processed","by":"admin","threshold":0.7}
{"at":"2025-09-18T19:15:42.425Z","docId":"537ab2c5-9695-427e-8903-b3b59beeeb7c","action":"classify","by":"admin"}
{"at":"2025-09-18T19:15:54.104Z","docId":"bb31f1a8-3aae-452e-a79b-cfd48e7501ce","action":"classify","by":"admin"}
{"at":"2025-09-18T19:15:54.115Z","docId":"6a33e26f-ba94-4aa7-b505-5f70a89a88f7","action":"classify","by":"admin"}
{"at":"2025-09-18T19:15:54.125Z","docId":"9ff8e24a-e578-42aa-9483-f6ed75beb909","action":"classify","by":"admin"}
{"at":"2025-09-18T19:15:54.135Z","docId":"37f7a4d1-e4dc-4f82-90b6-fbce72785f75","action":"classify","by":"admin"}
{"at":"2025-09-18T19:15:54.145Z","docId":"e6e429a5-2946-4bca-8321-cc5c82238269","action":"classify","by":"admin"}
{"at":"2025-09-18T19:15:54.157Z","docId":"bd22b0cb-91a3-477e-99c9-0207ca00ced8","action":"classify","by":"admin"}
{"at":"2025-09-18T19:15:54.167Z","docId":"9ee84a7d-032e-4caf-8d58-2bd6ba77c0b6","action":"classify","by":"admin"}
{"at":"2025-09-18T19:15:54.178Z","docId":"c4273c5d-4c96-411f-a7bc-fd3a011d49d5","action":"classify","by":"admin"}
{"at":"2025-09-18T19:15:54.189Z","docId":"23378519-95c9-4caa-a450-d50026b19794","action":"classify","by":"admin"}
{"at":"2025-09-18T19:15:57.735Z","docId":"37f7a4d1-e4dc-4f82-90b6-fbce72785f75","action":"auto_route","from":"inbox","to":"processed","by":"admin","threshold":0.7}
{"at":"2025-09-18T19:19:47.817Z","docId":"a3b1a184-08e2-4694-8ea9-683d12541303","action":"classify","by":"admin"}
{"at":"2025-09-18T19:27:10.502Z","docId":"5b0f2be3-3d1a-4077-9815-a47779062c2e","action":"classify","by":"admin"}
{"at":"2025-09-18T19:27:10.514Z","docId":"8702276e-3c81-4494-91af-8dae8655b0bb","action":"classify","by":"admin"}
{"at":"2025-09-18T19:27:10.527Z","docId":"ce38d9d7-478b-4aa7-8449-b89f635f3c4e","action":"classify","by":"admin"}
{"at":"2025-09-18T19:27:10.539Z","docId":"4aa482b4-ddf0-459b-897e-683b188bb98c","action":"classify","by":"admin"}
{"at":"2025-09-18T20:12:05.418Z","docId":"19e5bf62-ffea-4931-8382-04727a9a3488","action":"classify","by":"admin"}
{"at":"2025-09-18T20:12:19.497Z","docId":"cbe437a1-4a56-4dd3-a33e-f68dfce3f9fa","action":"classify","by":"admin"}
{"at":"2025-09-18T20:12:19.510Z","docId":"4902d9cd-a8de-4a1f-a6cf-8eb557b08129","action":"classify","by":"admin"}
{"at":"2025-09-18T20:12:19.521Z","docId":"04f114e9-f24c-4108-a4ef-ce1c9ca8b9d3","action":"classify","by":"admin"}
{"at":"2025-09-18T20:12:19.533Z","docId":"19e5bf62-ffea-4931-8382-04727a9a3488","action":"classify","by":"admin"}
{"at":"2025-09-18T20:12:26.504Z","docId":"de090a3e-9213-4f82-902f-fc2beeccea9e","action":"classify","by":"admin"}
{"at":"2025-09-18T20:12:29.189Z","docId":"de090a3e-9213-4f82-902f-fc2beeccea9e","action":"classify","by":"admin"}
{"at":"2025-09-18T20:12:39.113Z","docId":"6dc60069-f771-4e81-9383-3a50a229be0c","action":"classify","by":"admin"}
{"at":"2025-09-18T20:12:39.128Z","docId":"5a7083c1-a342-4ccf-b25d-2ebbad5b867d","action":"classify","by":"admin"}
{"at":"2025-09-18T20:12:39.141Z","docId":"2342ef77-f9f3-476c-b956-4e14865f8672","action":"classify","by":"admin"}
{"at":"2025-09-18T20:12:49.431Z","docId":"1a481b27-6d9b-4303-a06c-1d524e026729","action":"classify","by":"admin"}
{"at":"2025-09-18T20:12:49.442Z","docId":"3fa03303-2bc7-4865-89b5-1393eb0f9a35","action":"classify","by":"admin"}
{"at":"2025-09-18T20:12:52.180Z","docId":"1a481b27-6d9b-4303-a06c-1d524e026729","action":"classify","by":"admin"}
{"at":"2025-09-18T20:12:52.192Z","docId":"3fa03303-2bc7-4865-89b5-1393eb0f9a35","action":"classify","by":"admin"}
{"at":"2025-09-18T20:12:54.205Z","docId":"ca50fd32-ff2f-4633-8851-690f5d29c949","action":"classify","by":"admin"}
{"at":"2025-09-18T20:12:54.214Z","docId":"1a481b27-6d9b-4303-a06c-1d524e026729","action":"classify","by":"admin"}
{"at":"2025-09-18T20:12:54.224Z","docId":"3fa03303-2bc7-4865-89b5-1393eb0f9a35","action":"classify","by":"admin"}
{"at":"2025-09-18T20:12:58.622Z","docId":"ca50fd32-ff2f-4633-8851-690f5d29c949","action":"classify","by":"admin"}
{"at":"2025-09-18T20:12:58.633Z","docId":"1a481b27-6d9b-4303-a06c-1d524e026729","action":"classify","by":"admin"}
{"at":"2025-09-18T20:12:58.643Z","docId":"3fa03303-2bc7-4865-89b5-1393eb0f9a35","action":"classify","by":"admin"}
{"at":"2025-09-18T20:13:06.279Z","docId":"42b5655b-2c7d-4182-93fa-c59fcfab6144","action":"classify","by":"admin"}
{"at":"2025-09-18T20:13:06.288Z","docId":"89667ae2-78f0-488e-b7bf-955fd21b2d87","action":"classify","by":"admin"}
{"at":"2025-09-18T20:13:06.298Z","docId":"ca50fd32-ff2f-4633-8851-690f5d29c949","action":"classify","by":"admin"}
{"at":"2025-09-18T20:13:06.308Z","docId":"1a481b27-6d9b-4303-a06c-1d524e026729","action":"classify","by":"admin"}
{"at":"2025-09-18T20:13:06.319Z","docId":"3fa03303-2bc7-4865-89b5-1393eb0f9a35","action":"classify","by":"admin"}
{"at":"2025-09-18T20:13:07.660Z","docId":"42b5655b-2c7d-4182-93fa-c59fcfab6144","action":"classify","by":"admin"}
{"at":"2025-09-18T20:13:07.669Z","docId":"89667ae2-78f0-488e-b7bf-955fd21b2d87","action":"classify","by":"admin"}
{"at":"2025-09-18T20:13:07.679Z","docId":"ca50fd32-ff2f-4633-8851-690f5d29c949","action":"classify","by":"admin"}
{"at":"2025-09-18T20:13:07.689Z","docId":"1a481b27-6d9b-4303-a06c-1d524e026729","action":"classify","by":"admin"}
{"at":"2025-09-18T20:13:07.697Z","docId":"3fa03303-2bc7-4865-89b5-1393eb0f9a35","action":"classify","by":"admin"}
{"at":"2025-09-18T20:13:10.460Z","docId":"42b5655b-2c7d-4182-93fa-c59fcfab6144","action":"auto_route","from":"inbox","to":"processed","by":"admin","threshold":0.7}
